<?xml version="1.0" encoding="UTF-8"?>
<!-- Generated by org.testng.reporters.JUnitReportReporter -->
<testsuite hostname="DESKTOP-OGV9LUA" failures="0" tests="3" name="qa.tests.Testcase1" time="54.126" errors="0" timestamp="2024-03-07T12:56:17 IST" skipped="0">
  <testcase classname="qa.tests.Testcase1" name="sampleMethodForEnteringCredentials" time="17.860"/>
  <system-out/>
  <testcase classname="qa.tests.Testcase1" name="sampleMethodForEnteringCredentials" time="19.734"/>
  <system-out/>
  <testcase classname="qa.tests.Testcase1" name="sampleMethodForEnteringCredentials" time="16.532"/>
  <system-out/>
</testsuite> <!-- qa.tests.Testcase1 -->
